Assuming unrestricted shared filesystem usage.
host: rachels-MacBook-Pro.local
Building DAG of jobs...
Using shell: /bin/bash
Provided cores: 1 (use --cores to define parallelism)
Rules claiming more threads will be scaled down.
Job stats:
job              count
-------------  -------
data_analysis        1
total                1

Select jobs to execute...
Execute 1 jobs...
[Sat May  2 14:19:58 2026]
localrule data_analysis:
    input: cleaned_data/integrated_data.csv
    output: visualizations/analysis_visualizations.png
    jobid: 0
    reason: Forced execution
    resources: tmpdir=/var/folders/n8/tmkf7hz167v4jm5bk7yym8z00000gn/T
[Sat May  2 14:20:14 2026]
Finished jobid: 0 (Rule: data_analysis)
1 of 1 steps (100%) done
Complete log(s): /Users/rachelcheung/Cheung_Kiang/.snakemake/log/2026-05-02T141958.221187.snakemake.log
